# JRE version: Java(TM) SE Runtime Environment (19.0.2+7) (build 19.0.2+7-44)
# Java VM: Java HotSpot(TM) 64-Bit Server VM (19.0.2+7-44, mixed mode, sharing, tiered, compressed oops, compressed class ptrs, g1 gc, windows-amd64)
GC Precious Log:
 CardTable entry size: 512
 Card Set container configuration: InlinePtr #cards 5 size 8 Array Of Cards #cards 12 size 40 Howl #buckets 4 coarsen threshold 1843 Howl Bitmap #cards 512 size 80 coarsen threshold 460 Card regions per heap region 1 cards per card region 2048
 CPUs: 8 total, 8 available
 Memory: 7865M
 Large Page Support: Disabled
 NUMA Support: Disabled
 Compressed Oops: Enabled (32-bit)
 Heap Region Size: 1M
 Heap Min Capacity: 8M
 Heap Initial Capacity: 124M
 Heap Max Capacity: 2G
 Pre-touch: Disabled
 Parallel Workers: 8
 Concurrent Workers: 2
 Concurrent Refinement Workers: 8
 Periodic GC: Disabled
Heap:
 garbage-first heap   total 111616K, used 79784K [0x0000000080000000, 0x0000000100000000)
  region size 1024K, 7 young (7168K), 1 survivors (1024K)
 Metaspace       used 72773K, committed 74624K, reserved 487424K
  class space    used 9790K, committed 10752K, reserved 421888K
GC Heap History (20 events):
Event: 348.240 GC heap before
{Heap before GC invocations=24 (full 0):
 garbage-first heap   total 94208K, used 76407K [0x0000000080000000, 0x0000000100000000)
  region size 1024K, 25 young (25600K), 3 survivors (3072K)
 Metaspace       used 62484K, committed 64320K, reserved 487424K
  class space    used 8560K, committed 9536K, reserved 421888K
}
Event: 348.244 GC heap after
{Heap after GC invocations=25 (full 0):
 garbage-first heap   total 94208K, used 55128K [0x0000000080000000, 0x0000000100000000)
  region size 1024K, 2 young (2048K), 2 survivors (2048K)
 Metaspace       used 62484K, committed 64320K, reserved 487424K
  class space    used 8560K, committed 9536K, reserved 421888K
}
Event: 349.558 GC heap before
{Heap before GC invocations=25 (full 0):
 garbage-first heap   total 94208K, used 75608K [0x0000000080000000, 0x0000000100000000)
  region size 1024K, 23 young (23552K), 2 survivors (2048K)
 Metaspace       used 64136K, committed 65984K, reserved 487424K
  class space    used 8815K, committed 9792K, reserved 421888K
}
Event: 349.562 GC heap after
{Heap after GC invocations=26 (full 0):
 garbage-first heap   total 94208K, used 57669K [0x0000000080000000, 0x0000000100000000)
  region size 1024K, 3 young (3072K), 3 survivors (3072K)
 Metaspace       used 64136K, committed 65984K, reserved 487424K
  class space    used 8815K, committed 9792K, reserved 421888K
}
Event: 351.269 GC heap before
{Heap before GC invocations=27 (full 0):
 garbage-first heap   total 99328K, used 76101K [0x0000000080000000, 0x0000000100000000)
  region size 1024K, 22 young (22528K), 3 survivors (3072K)
 Metaspace       used 65827K, committed 67712K, reserved 487424K
  class space    used 9017K, committed 9984K, reserved 421888K
}
Event: 351.274 GC heap after
{Heap after GC invocations=28 (full 0):
 garbage-first heap   total 99328K, used 60205K [0x0000000080000000, 0x0000000100000000)
  region size 1024K, 3 young (3072K), 3 survivors (3072K)
 Metaspace       used 65827K, committed 67712K, reserved 487424K
  class space    used 9017K, committed 9984K, reserved 421888K
}
Event: 351.300 GC heap before
{Heap before GC invocations=28 (full 0):
 garbage-first heap   total 99328K, used 61229K [0x0000000080000000, 0x0000000100000000)
  region size 1024K, 4 young (4096K), 3 survivors (3072K)
 Metaspace       used 65958K, committed 67840K, reserved 487424K
  class space    used 9034K, committed 9984K, reserved 421888K
}
Event: 351.304 GC heap after
{Heap after GC invocations=29 (full 0):
 garbage-first heap   total 99328K, used 60163K [0x0000000080000000, 0x0000000100000000)
  region size 1024K, 1 young (1024K), 1 survivors (1024K)
 Metaspace       used 65958K, committed 67840K, reserved 487424K
  class space    used 9034K, committed 9984K, reserved 421888K
}
Event: 355.111 GC heap before
{Heap before GC invocations=29 (full 0):
 garbage-first heap   total 99328K, used 80643K [0x0000000080000000, 0x0000000100000000)
  region size 1024K, 22 young (22528K), 1 survivors (1024K)
 Metaspace       used 66810K, committed 68672K, reserved 487424K
  class space    used 9142K, committed 10112K, reserved 421888K
}
Event: 355.115 GC heap after
{Heap after GC invocations=30 (full 0):
 garbage-first heap   total 99328K, used 63687K [0x0000000080000000, 0x0000000100000000)
  region size 1024K, 3 young (3072K), 3 survivors (3072K)
 Metaspace       used 66810K, committed 68672K, reserved 487424K
  class space    used 9142K, committed 10112K, reserved 421888K
}
Event: 359.090 GC heap before
{Heap before GC invocations=30 (full 0):
 garbage-first heap   total 99328K, used 71879K [0x0000000080000000, 0x0000000100000000)
  region size 1024K, 12 young (12288K), 3 survivors (3072K)
 Metaspace       used 66882K, committed 68800K, reserved 487424K
  class space    used 9149K, committed 10112K, reserved 421888K
}
Event: 359.119 GC heap after
{Heap after GC invocations=31 (full 0):
 garbage-first heap   total 99328K, used 63269K [0x0000000080000000, 0x0000000100000000)
  region size 1024K, 2 young (2048K), 2 survivors (2048K)
 Metaspace       used 66882K, committed 68800K, reserved 487424K
  class space    used 9149K, committed 10112K, reserved 421888K
}
Event: 361.113 GC heap before
{Heap before GC invocations=32 (full 0):
 garbage-first heap   total 111616K, used 82725K [0x0000000080000000, 0x0000000100000000)
  region size 1024K, 20 young (20480K), 2 survivors (2048K)
 Metaspace       used 68990K, committed 70848K, reserved 487424K
  class space    used 9405K, committed 10368K, reserved 421888K
}
Event: 361.115 GC heap after
{Heap after GC invocations=33 (full 0):
 garbage-first heap   total 111616K, used 68040K [0x0000000080000000, 0x0000000100000000)
  region size 1024K, 3 young (3072K), 3 survivors (3072K)
 Metaspace       used 68990K, committed 70848K, reserved 487424K
  class space    used 9405K, committed 10368K, reserved 421888K
}
Event: 361.291 GC heap before
{Heap before GC invocations=33 (full 0):
 garbage-first heap   total 111616K, used 70088K [0x0000000080000000, 0x0000000100000000)
  region size 1024K, 5 young (5120K), 3 survivors (3072K)
 Metaspace       used 69213K, committed 71040K, reserved 487424K
  class space    used 9424K, committed 10368K, reserved 421888K
}
Event: 361.294 GC heap after
{Heap after GC invocations=34 (full 0):
 garbage-first heap   total 111616K, used 67247K [0x0000000080000000, 0x0000000100000000)
  region size 1024K, 1 young (1024K), 1 survivors (1024K)
 Metaspace       used 69213K, committed 71040K, reserved 487424K
  class space    used 9424K, committed 10368K, reserved 421888K
}
Event: 363.026 GC heap before
{Heap before GC invocations=34 (full 0):
 garbage-first heap   total 111616K, used 88751K [0x0000000080000000, 0x0000000100000000)
  region size 1024K, 22 young (22528K), 1 survivors (1024K)
 Metaspace       used 72773K, committed 74624K, reserved 487424K
  class space    used 9790K, committed 10752K, reserved 421888K
}
Event: 363.028 GC heap after
{Heap after GC invocations=35 (full 0):
 garbage-first heap   total 111616K, used 69616K [0x0000000080000000, 0x0000000100000000)
  region size 1024K, 3 young (3072K), 3 survivors (3072K)
 Metaspace       used 72773K, committed 74624K, reserved 487424K
  class space    used 9790K, committed 10752K, reserved 421888K
}
Event: 363.032 GC heap before
{Heap before GC invocations=35 (full 0):
 garbage-first heap   total 111616K, used 69616K [0x0000000080000000, 0x0000000100000000)
  region size 1024K, 4 young (4096K), 3 survivors (3072K)
 Metaspace       used 72773K, committed 74624K, reserved 487424K
  class space    used 9790K, committed 10752K, reserved 421888K
}
Event: 363.035 GC heap after
{Heap after GC invocations=36 (full 0):
 garbage-first heap   total 111616K, used 70568K [0x0000000080000000, 0x0000000100000000)
  region size 1024K, 1 young (1024K), 1 survivors (1024K)
 Metaspace       used 72773K, committed 74624K, reserved 487424K
  class space    used 9790K, committed 10752K, reserved 421888K
}

