# JRE version: Java(TM) SE Runtime Environment (19.0.2+7) (build 19.0.2+7-44)
# Java VM: Java HotSpot(TM) 64-Bit Server VM (19.0.2+7-44, mixed mode, sharing, tiered, compressed oops, compressed class ptrs, g1 gc, windows-amd64)
GC Precious Log:
 CardTable entry size: 512
 Card Set container configuration: InlinePtr #cards 5 size 8 Array Of Cards #cards 12 size 40 Howl #buckets 4 coarsen threshold 1843 Howl Bitmap #cards 512 size 80 coarsen threshold 460 Card regions per heap region 1 cards per card region 2048
 CPUs: 8 total, 8 available
 Memory: 7865M
 Large Page Support: Disabled
 NUMA Support: Disabled
 Compressed Oops: Enabled (32-bit)
 Heap Region Size: 1M
 Heap Min Capacity: 8M
 Heap Initial Capacity: 124M
 Heap Max Capacity: 2G
 Pre-touch: Disabled
 Parallel Workers: 8
 Concurrent Workers: 2
 Concurrent Refinement Workers: 8
 Periodic GC: Disabled
Heap:
 garbage-first heap   total 177152K, used 87369K [0x0000000080000000, 0x0000000100000000)
  region size 1024K, 6 young (6144K), 4 survivors (4096K)
 Metaspace       used 84522K, committed 86592K, reserved 552960K
  class space    used 11558K, committed 12672K, reserved 421888K
GC Heap History (20 events):
Event: 241.327 GC heap before
{Heap before GC invocations=35 (full 0):
 garbage-first heap   total 119808K, used 77421K [0x0000000080000000, 0x0000000100000000)
  region size 1024K, 12 young (12288K), 1 survivors (1024K)
 Metaspace       used 71952K, committed 73856K, reserved 487424K
  class space    used 9710K, committed 10752K, reserved 421888K
}
Event: 241.330 GC heap after
{Heap after GC invocations=36 (full 0):
 garbage-first heap   total 119808K, used 69234K [0x0000000080000000, 0x0000000100000000)
  region size 1024K, 2 young (2048K), 2 survivors (2048K)
 Metaspace       used 71952K, committed 73856K, reserved 487424K
  class space    used 9710K, committed 10752K, reserved 421888K
}
Event: 241.514 GC heap before
{Heap before GC invocations=36 (full 0):
 garbage-first heap   total 119808K, used 71282K [0x0000000080000000, 0x0000000100000000)
  region size 1024K, 5 young (5120K), 2 survivors (2048K)
 Metaspace       used 72678K, committed 74560K, reserved 487424K
  class space    used 9790K, committed 10752K, reserved 421888K
}
Event: 241.529 GC heap after
{Heap after GC invocations=37 (full 0):
 garbage-first heap   total 119808K, used 69344K [0x0000000080000000, 0x0000000100000000)
  region size 1024K, 1 young (1024K), 1 survivors (1024K)
 Metaspace       used 72678K, committed 74560K, reserved 487424K
  class space    used 9790K, committed 10752K, reserved 421888K
}
Event: 242.136 GC heap before
{Heap before GC invocations=37 (full 0):
 garbage-first heap   total 119808K, used 103136K [0x0000000080000000, 0x0000000100000000)
  region size 1024K, 28 young (28672K), 1 survivors (1024K)
 Metaspace       used 74137K, committed 76032K, reserved 552960K
  class space    used 9974K, committed 10944K, reserved 421888K
}
Event: 242.140 GC heap after
{Heap after GC invocations=38 (full 0):
 garbage-first heap   total 119808K, used 74420K [0x0000000080000000, 0x0000000100000000)
  region size 1024K, 4 young (4096K), 4 survivors (4096K)
 Metaspace       used 74137K, committed 76032K, reserved 552960K
  class space    used 9974K, committed 10944K, reserved 421888K
}
Event: 242.517 GC heap before
{Heap before GC invocations=38 (full 0):
 garbage-first heap   total 119808K, used 97972K [0x0000000080000000, 0x0000000100000000)
  region size 1024K, 27 young (27648K), 4 survivors (4096K)
 Metaspace       used 76307K, committed 78272K, reserved 552960K
  class space    used 10221K, committed 11200K, reserved 421888K
}
Event: 242.521 GC heap after
{Heap after GC invocations=39 (full 0):
 garbage-first heap   total 119808K, used 75954K [0x0000000080000000, 0x0000000100000000)
  region size 1024K, 2 young (2048K), 2 survivors (2048K)
 Metaspace       used 76307K, committed 78272K, reserved 552960K
  class space    used 10221K, committed 11200K, reserved 421888K
}
Event: 242.843 GC heap before
{Heap before GC invocations=39 (full 0):
 garbage-first heap   total 119808K, used 98482K [0x0000000080000000, 0x0000000100000000)
  region size 1024K, 24 young (24576K), 2 survivors (2048K)
 Metaspace       used 77765K, committed 79744K, reserved 552960K
  class space    used 10446K, committed 11456K, reserved 421888K
}
Event: 242.846 GC heap after
{Heap after GC invocations=40 (full 0):
 garbage-first heap   total 119808K, used 77736K [0x0000000080000000, 0x0000000100000000)
  region size 1024K, 2 young (2048K), 2 survivors (2048K)
 Metaspace       used 77765K, committed 79744K, reserved 552960K
  class space    used 10446K, committed 11456K, reserved 421888K
}
Event: 242.987 GC heap before
{Heap before GC invocations=40 (full 0):
 garbage-first heap   total 119808K, used 99240K [0x0000000080000000, 0x0000000100000000)
  region size 1024K, 23 young (23552K), 2 survivors (2048K)
 Metaspace       used 77828K, committed 79808K, reserved 552960K
  class space    used 10450K, committed 11456K, reserved 421888K
}
Event: 242.989 GC heap after
{Heap after GC invocations=41 (full 0):
 garbage-first heap   total 119808K, used 79174K [0x0000000080000000, 0x0000000100000000)
  region size 1024K, 2 young (2048K), 2 survivors (2048K)
 Metaspace       used 77828K, committed 79808K, reserved 552960K
  class space    used 10450K, committed 11456K, reserved 421888K
}
Event: 345.227 GC heap before
{Heap before GC invocations=41 (full 0):
 garbage-first heap   total 119808K, used 100678K [0x0000000080000000, 0x0000000100000000)
  region size 1024K, 23 young (23552K), 2 survivors (2048K)
 Metaspace       used 78255K, committed 80320K, reserved 552960K
  class space    used 10508K, committed 11584K, reserved 421888K
}
Event: 345.300 GC heap after
{Heap after GC invocations=42 (full 0):
 garbage-first heap   total 119808K, used 81854K [0x0000000080000000, 0x0000000100000000)
  region size 1024K, 3 young (3072K), 3 survivors (3072K)
 Metaspace       used 78255K, committed 80320K, reserved 552960K
  class space    used 10508K, committed 11584K, reserved 421888K
}
Event: 357.951 GC heap before
{Heap before GC invocations=42 (full 0):
 garbage-first heap   total 119808K, used 101310K [0x0000000080000000, 0x0000000100000000)
  region size 1024K, 22 young (22528K), 3 survivors (3072K)
 Metaspace       used 79888K, committed 81984K, reserved 552960K
  class space    used 10737K, committed 11840K, reserved 421888K
}
Event: 359.250 GC heap after
{Heap after GC invocations=43 (full 0):
 garbage-first heap   total 119808K, used 83620K [0x0000000080000000, 0x0000000100000000)
  region size 1024K, 2 young (2048K), 2 survivors (2048K)
 Metaspace       used 79888K, committed 81984K, reserved 552960K
  class space    used 10737K, committed 11840K, reserved 421888K
}
Event: 361.302 GC heap before
{Heap before GC invocations=44 (full 0):
 garbage-first heap   total 147456K, used 91812K [0x0000000080000000, 0x0000000100000000)
  region size 1024K, 10 young (10240K), 2 survivors (2048K)
 Metaspace       used 80909K, committed 83008K, reserved 552960K
  class space    used 10926K, committed 12032K, reserved 421888K
}
Event: 361.310 GC heap after
{Heap after GC invocations=45 (full 0):
 garbage-first heap   total 177152K, used 84128K [0x0000000080000000, 0x0000000100000000)
  region size 1024K, 1 young (1024K), 1 survivors (1024K)
 Metaspace       used 80909K, committed 83008K, reserved 552960K
  class space    used 10926K, committed 12032K, reserved 421888K
}
Event: 361.747 GC heap before
{Heap before GC invocations=45 (full 0):
 garbage-first heap   total 177152K, used 91296K [0x0000000080000000, 0x0000000100000000)
  region size 1024K, 8 young (8192K), 1 survivors (1024K)
 Metaspace       used 81944K, committed 83968K, reserved 552960K
  class space    used 11136K, committed 12224K, reserved 421888K
}
Event: 361.756 GC heap after
{Heap after GC invocations=46 (full 0):
 garbage-first heap   total 177152K, used 83494K [0x0000000080000000, 0x0000000100000000)
  region size 1024K, 1 young (1024K), 1 survivors (1024K)
 Metaspace       used 81944K, committed 83968K, reserved 552960K
  class space    used 11136K, committed 12224K, reserved 421888K
}

